<?xml version="1.0" encoding="UTF-8"?>
<testsuite xmlns:xsi="http://www.w3.org/2001/XMLSchema-instance" xsi:noNamespaceSchemaLocation="https://maven.apache.org/surefire/maven-surefire-plugin/xsd/surefire-test-report-3.0.xsd" version="3.0" name="com.example.helidon.MainTest" time="6.139" tests="3" errors="0" skipped="0" failures="0">
  <properties>
    <property name="java.specification.version" value="21"/>
    <property name="sun.cpu.isalist" value="amd64"/>
    <property name="sun.jnu.encoding" value="Cp1252"/>
    <property name="java.class.path" value="C:\dev\code\helidon\target\test-classes;C:\dev\code\helidon\target\classes;C:\Users\Michal.Kotra\.m2\repository\io\helidon\webserver\helidon-webserver\4.0.2\helidon-webserver-4.0.2.jar;C:\Users\Michal.Kotra\.m2\repository\io\helidon\http\helidon-http\4.0.2\helidon-http-4.0.2.jar;C:\Users\Michal.Kotra\.m2\repository\io\helidon\common\helidon-common-configurable\4.0.2\helidon-common-configurable-4.0.2.jar;C:\Users\Michal.Kotra\.m2\repository\io\helidon\common\helidon-common-buffers\4.0.2\helidon-common-buffers-4.0.2.jar;C:\Users\Michal.Kotra\.m2\repository\io\helidon\common\helidon-common-mapper\4.0.2\helidon-common-mapper-4.0.2.jar;C:\Users\Michal.Kotra\.m2\repository\io\helidon\common\helidon-common-media-type\4.0.2\helidon-common-media-type-4.0.2.jar;C:\Users\Michal.Kotra\.m2\repository\io\helidon\common\helidon-common-uri\4.0.2\helidon-common-uri-4.0.2.jar;C:\Users\Michal.Kotra\.m2\repository\io\helidon\common\helidon-common-parameters\4.0.2\helidon-common-parameters-4.0.2.jar;C:\Users\Michal.Kotra\.m2\repository\io\helidon\common\helidon-common-socket\4.0.2\helidon-common-socket-4.0.2.jar;C:\Users\Michal.Kotra\.m2\repository\io\helidon\builder\helidon-builder-api\4.0.2\helidon-builder-api-4.0.2.jar;C:\Users\Michal.Kotra\.m2\repository\io\helidon\common\helidon-common-context\4.0.2\helidon-common-context-4.0.2.jar;C:\Users\Michal.Kotra\.m2\repository\io\helidon\common\helidon-common-key-util\4.0.2\helidon-common-key-util-4.0.2.jar;C:\Users\Michal.Kotra\.m2\repository\io\helidon\common\helidon-common-security\4.0.2\helidon-common-security-4.0.2.jar;C:\Users\Michal.Kotra\.m2\repository\io\helidon\common\helidon-common-task\4.0.2\helidon-common-task-4.0.2.jar;C:\Users\Michal.Kotra\.m2\repository\io\helidon\common\helidon-common-tls\4.0.2\helidon-common-tls-4.0.2.jar;C:\Users\Michal.Kotra\.m2\repository\io\helidon\http\media\helidon-http-media\4.0.2\helidon-http-media-4.0.2.jar;C:\Users\Michal.Kotra\.m2\repository\io\helidon\http\encoding\helidon-http-encoding\4.0.2\helidon-http-encoding-4.0.2.jar;C:\Users\Michal.Kotra\.m2\repository\io\helidon\common\features\helidon-common-features\4.0.2\helidon-common-features-4.0.2.jar;C:\Users\Michal.Kotra\.m2\repository\io\helidon\common\features\helidon-common-features-api\4.0.2\helidon-common-features-api-4.0.2.jar;C:\Users\Michal.Kotra\.m2\repository\io\helidon\config\helidon-config-yaml\4.0.2\helidon-config-yaml-4.0.2.jar;C:\Users\Michal.Kotra\.m2\repository\io\helidon\config\helidon-config\4.0.2\helidon-config-4.0.2.jar;C:\Users\Michal.Kotra\.m2\repository\io\helidon\inject\helidon-inject-api\4.0.2\helidon-inject-api-4.0.2.jar;C:\Users\Michal.Kotra\.m2\repository\io\helidon\common\helidon-common-types\4.0.2\helidon-common-types-4.0.2.jar;C:\Users\Michal.Kotra\.m2\repository\jakarta\inject\jakarta.inject-api\2.0.1\jakarta.inject-api-2.0.1.jar;C:\Users\Michal.Kotra\.m2\repository\io\helidon\common\helidon-common\4.0.2\helidon-common-4.0.2.jar;C:\Users\Michal.Kotra\.m2\repository\org\yaml\snakeyaml\2.0\snakeyaml-2.0.jar;C:\Users\Michal.Kotra\.m2\repository\io\helidon\webserver\observe\helidon-webserver-observe-health\4.0.2\helidon-webserver-observe-health-4.0.2.jar;C:\Users\Michal.Kotra\.m2\repository\io\helidon\webserver\observe\helidon-webserver-observe\4.0.2\helidon-webserver-observe-4.0.2.jar;C:\Users\Michal.Kotra\.m2\repository\io\helidon\webserver\helidon-webserver-cors\4.0.2\helidon-webserver-cors-4.0.2.jar;C:\Users\Michal.Kotra\.m2\repository\io\helidon\cors\helidon-cors\4.0.2\helidon-cors-4.0.2.jar;C:\Users\Michal.Kotra\.m2\repository\io\helidon\health\helidon-health\4.0.2\helidon-health-4.0.2.jar;C:\Users\Michal.Kotra\.m2\repository\io\helidon\webserver\helidon-webserver-service-common\4.0.2\helidon-webserver-service-common-4.0.2.jar;C:\Users\Michal.Kotra\.m2\repository\io\helidon\health\helidon-health-checks\4.0.2\helidon-health-checks-4.0.2.jar;C:\Users\Michal.Kotra\.m2\repository\io\helidon\common\helidon-common-config\4.0.2\helidon-common-config-4.0.2.jar;C:\Users\Michal.Kotra\.m2\repository\io\helidon\logging\helidon-logging-jul\4.0.2\helidon-logging-jul-4.0.2.jar;C:\Users\Michal.Kotra\.m2\repository\io\helidon\logging\helidon-logging-common\4.0.2\helidon-logging-common-4.0.2.jar;C:\Users\Michal.Kotra\.m2\repository\jakarta\json\jakarta.json-api\2.1.1\jakarta.json-api-2.1.1.jar;C:\Users\Michal.Kotra\.m2\repository\io\helidon\http\media\helidon-http-media-jsonp\4.0.2\helidon-http-media-jsonp-4.0.2.jar;C:\Users\Michal.Kotra\.m2\repository\org\eclipse\parsson\parsson\1.1.5\parsson-1.1.5.jar;C:\Users\Michal.Kotra\.m2\repository\io\helidon\webserver\observe\helidon-webserver-observe-metrics\4.0.2\helidon-webserver-observe-metrics-4.0.2.jar;C:\Users\Michal.Kotra\.m2\repository\io\helidon\metrics\helidon-metrics-api\4.0.2\helidon-metrics-api-4.0.2.jar;C:\Users\Michal.Kotra\.m2\repository\io\helidon\metrics\providers\helidon-metrics-providers-micrometer\4.0.2\helidon-metrics-providers-micrometer-4.0.2.jar;C:\Users\Michal.Kotra\.m2\repository\io\micrometer\micrometer-core\1.11.3\micrometer-core-1.11.3.jar;C:\Users\Michal.Kotra\.m2\repository\io\micrometer\micrometer-commons\1.11.3\micrometer-commons-1.11.3.jar;C:\Users\Michal.Kotra\.m2\repository\io\micrometer\micrometer-observation\1.11.3\micrometer-observation-1.11.3.jar;C:\Users\Michal.Kotra\.m2\repository\org\hdrhistogram\HdrHistogram\2.1.12\HdrHistogram-2.1.12.jar;C:\Users\Michal.Kotra\.m2\repository\org\latencyutils\LatencyUtils\2.0.3\LatencyUtils-2.0.3.jar;C:\Users\Michal.Kotra\.m2\repository\io\micrometer\micrometer-registry-prometheus\1.11.3\micrometer-registry-prometheus-1.11.3.jar;C:\Users\Michal.Kotra\.m2\repository\io\prometheus\simpleclient_common\0.16.0\simpleclient_common-0.16.0.jar;C:\Users\Michal.Kotra\.m2\repository\io\prometheus\simpleclient\0.16.0\simpleclient-0.16.0.jar;C:\Users\Michal.Kotra\.m2\repository\io\prometheus\simpleclient_tracer_otel\0.16.0\simpleclient_tracer_otel-0.16.0.jar;C:\Users\Michal.Kotra\.m2\repository\io\prometheus\simpleclient_tracer_otel_agent\0.16.0\simpleclient_tracer_otel_agent-0.16.0.jar;C:\Users\Michal.Kotra\.m2\repository\io\prometheus\simpleclient_tracer_common\0.16.0\simpleclient_tracer_common-0.16.0.jar;C:\Users\Michal.Kotra\.m2\repository\io\helidon\metrics\helidon-metrics-system-meters\4.0.2\helidon-metrics-system-meters-4.0.2.jar;C:\Users\Michal.Kotra\.m2\repository\io\helidon\webclient\helidon-webclient\4.0.2\helidon-webclient-4.0.2.jar;C:\Users\Michal.Kotra\.m2\repository\io\helidon\webclient\helidon-webclient-api\4.0.2\helidon-webclient-api-4.0.2.jar;C:\Users\Michal.Kotra\.m2\repository\io\helidon\webclient\helidon-webclient-http1\4.0.2\helidon-webclient-http1-4.0.2.jar;C:\Users\Michal.Kotra\.m2\repository\org\junit\jupiter\junit-jupiter-api\5.9.3\junit-jupiter-api-5.9.3.jar;C:\Users\Michal.Kotra\.m2\repository\org\opentest4j\opentest4j\1.2.0\opentest4j-1.2.0.jar;C:\Users\Michal.Kotra\.m2\repository\org\junit\platform\junit-platform-commons\1.9.3\junit-platform-commons-1.9.3.jar;C:\Users\Michal.Kotra\.m2\repository\org\apiguardian\apiguardian-api\1.1.2\apiguardian-api-1.1.2.jar;C:\Users\Michal.Kotra\.m2\repository\org\hamcrest\hamcrest-all\1.3\hamcrest-all-1.3.jar;C:\Users\Michal.Kotra\.m2\repository\io\helidon\webserver\testing\junit5\helidon-webserver-testing-junit5\4.0.2\helidon-webserver-testing-junit5-4.0.2.jar;C:\Users\Michal.Kotra\.m2\repository\io\helidon\common\testing\helidon-common-testing-http-junit5\4.0.2\helidon-common-testing-http-junit5-4.0.2.jar;C:\Users\Michal.Kotra\.m2\repository\io\helidon\common\testing\helidon-common-testing-junit5\4.0.2\helidon-common-testing-junit5-4.0.2.jar;"/>
    <property name="helidon.config.profile" value="test"/>
    <property name="java.vm.vendor" value="Amazon.com Inc."/>
    <property name="sun.arch.data.model" value="64"/>
    <property name="user.variant" value=""/>
    <property name="java.vendor.url" value="https://aws.amazon.com/corretto/"/>
    <property name="user.timezone" value="Europe/Warsaw"/>
    <property name="os.name" value="Windows 10"/>
    <property name="java.vm.specification.version" value="21"/>
    <property name="sun.java.launcher" value="SUN_STANDARD"/>
    <property name="user.country" value="US"/>
    <property name="sun.boot.library.path" value="C:\dev\java\corretto21\bin"/>
    <property name="sun.java.command" value="C:\Users\Michal.Kotra\AppData\Local\Temp\surefire18131234635404160441\surefirebooter-20240116123637563_3.jar C:\Users\Michal.Kotra\AppData\Local\Temp\surefire18131234635404160441 2024-01-16T12-36-33_695-jvmRun1 surefire-20240116123637563_1tmp surefire_0-20240116123637563_2tmp"/>
    <property name="jdk.debug" value="release"/>
    <property name="surefire.test.class.path" value="C:\dev\code\helidon\target\test-classes;C:\dev\code\helidon\target\classes;C:\Users\Michal.Kotra\.m2\repository\io\helidon\webserver\helidon-webserver\4.0.2\helidon-webserver-4.0.2.jar;C:\Users\Michal.Kotra\.m2\repository\io\helidon\http\helidon-http\4.0.2\helidon-http-4.0.2.jar;C:\Users\Michal.Kotra\.m2\repository\io\helidon\common\helidon-common-configurable\4.0.2\helidon-common-configurable-4.0.2.jar;C:\Users\Michal.Kotra\.m2\repository\io\helidon\common\helidon-common-buffers\4.0.2\helidon-common-buffers-4.0.2.jar;C:\Users\Michal.Kotra\.m2\repository\io\helidon\common\helidon-common-mapper\4.0.2\helidon-common-mapper-4.0.2.jar;C:\Users\Michal.Kotra\.m2\repository\io\helidon\common\helidon-common-media-type\4.0.2\helidon-common-media-type-4.0.2.jar;C:\Users\Michal.Kotra\.m2\repository\io\helidon\common\helidon-common-uri\4.0.2\helidon-common-uri-4.0.2.jar;C:\Users\Michal.Kotra\.m2\repository\io\helidon\common\helidon-common-parameters\4.0.2\helidon-common-parameters-4.0.2.jar;C:\Users\Michal.Kotra\.m2\repository\io\helidon\common\helidon-common-socket\4.0.2\helidon-common-socket-4.0.2.jar;C:\Users\Michal.Kotra\.m2\repository\io\helidon\builder\helidon-builder-api\4.0.2\helidon-builder-api-4.0.2.jar;C:\Users\Michal.Kotra\.m2\repository\io\helidon\common\helidon-common-context\4.0.2\helidon-common-context-4.0.2.jar;C:\Users\Michal.Kotra\.m2\repository\io\helidon\common\helidon-common-key-util\4.0.2\helidon-common-key-util-4.0.2.jar;C:\Users\Michal.Kotra\.m2\repository\io\helidon\common\helidon-common-security\4.0.2\helidon-common-security-4.0.2.jar;C:\Users\Michal.Kotra\.m2\repository\io\helidon\common\helidon-common-task\4.0.2\helidon-common-task-4.0.2.jar;C:\Users\Michal.Kotra\.m2\repository\io\helidon\common\helidon-common-tls\4.0.2\helidon-common-tls-4.0.2.jar;C:\Users\Michal.Kotra\.m2\repository\io\helidon\http\media\helidon-http-media\4.0.2\helidon-http-media-4.0.2.jar;C:\Users\Michal.Kotra\.m2\repository\io\helidon\http\encoding\helidon-http-encoding\4.0.2\helidon-http-encoding-4.0.2.jar;C:\Users\Michal.Kotra\.m2\repository\io\helidon\common\features\helidon-common-features\4.0.2\helidon-common-features-4.0.2.jar;C:\Users\Michal.Kotra\.m2\repository\io\helidon\common\features\helidon-common-features-api\4.0.2\helidon-common-features-api-4.0.2.jar;C:\Users\Michal.Kotra\.m2\repository\io\helidon\config\helidon-config-yaml\4.0.2\helidon-config-yaml-4.0.2.jar;C:\Users\Michal.Kotra\.m2\repository\io\helidon\config\helidon-config\4.0.2\helidon-config-4.0.2.jar;C:\Users\Michal.Kotra\.m2\repository\io\helidon\inject\helidon-inject-api\4.0.2\helidon-inject-api-4.0.2.jar;C:\Users\Michal.Kotra\.m2\repository\io\helidon\common\helidon-common-types\4.0.2\helidon-common-types-4.0.2.jar;C:\Users\Michal.Kotra\.m2\repository\jakarta\inject\jakarta.inject-api\2.0.1\jakarta.inject-api-2.0.1.jar;C:\Users\Michal.Kotra\.m2\repository\io\helidon\common\helidon-common\4.0.2\helidon-common-4.0.2.jar;C:\Users\Michal.Kotra\.m2\repository\org\yaml\snakeyaml\2.0\snakeyaml-2.0.jar;C:\Users\Michal.Kotra\.m2\repository\io\helidon\webserver\observe\helidon-webserver-observe-health\4.0.2\helidon-webserver-observe-health-4.0.2.jar;C:\Users\Michal.Kotra\.m2\repository\io\helidon\webserver\observe\helidon-webserver-observe\4.0.2\helidon-webserver-observe-4.0.2.jar;C:\Users\Michal.Kotra\.m2\repository\io\helidon\webserver\helidon-webserver-cors\4.0.2\helidon-webserver-cors-4.0.2.jar;C:\Users\Michal.Kotra\.m2\repository\io\helidon\cors\helidon-cors\4.0.2\helidon-cors-4.0.2.jar;C:\Users\Michal.Kotra\.m2\repository\io\helidon\health\helidon-health\4.0.2\helidon-health-4.0.2.jar;C:\Users\Michal.Kotra\.m2\repository\io\helidon\webserver\helidon-webserver-service-common\4.0.2\helidon-webserver-service-common-4.0.2.jar;C:\Users\Michal.Kotra\.m2\repository\io\helidon\health\helidon-health-checks\4.0.2\helidon-health-checks-4.0.2.jar;C:\Users\Michal.Kotra\.m2\repository\io\helidon\common\helidon-common-config\4.0.2\helidon-common-config-4.0.2.jar;C:\Users\Michal.Kotra\.m2\repository\io\helidon\logging\helidon-logging-jul\4.0.2\helidon-logging-jul-4.0.2.jar;C:\Users\Michal.Kotra\.m2\repository\io\helidon\logging\helidon-logging-common\4.0.2\helidon-logging-common-4.0.2.jar;C:\Users\Michal.Kotra\.m2\repository\jakarta\json\jakarta.json-api\2.1.1\jakarta.json-api-2.1.1.jar;C:\Users\Michal.Kotra\.m2\repository\io\helidon\http\media\helidon-http-media-jsonp\4.0.2\helidon-http-media-jsonp-4.0.2.jar;C:\Users\Michal.Kotra\.m2\repository\org\eclipse\parsson\parsson\1.1.5\parsson-1.1.5.jar;C:\Users\Michal.Kotra\.m2\repository\io\helidon\webserver\observe\helidon-webserver-observe-metrics\4.0.2\helidon-webserver-observe-metrics-4.0.2.jar;C:\Users\Michal.Kotra\.m2\repository\io\helidon\metrics\helidon-metrics-api\4.0.2\helidon-metrics-api-4.0.2.jar;C:\Users\Michal.Kotra\.m2\repository\io\helidon\metrics\providers\helidon-metrics-providers-micrometer\4.0.2\helidon-metrics-providers-micrometer-4.0.2.jar;C:\Users\Michal.Kotra\.m2\repository\io\micrometer\micrometer-core\1.11.3\micrometer-core-1.11.3.jar;C:\Users\Michal.Kotra\.m2\repository\io\micrometer\micrometer-commons\1.11.3\micrometer-commons-1.11.3.jar;C:\Users\Michal.Kotra\.m2\repository\io\micrometer\micrometer-observation\1.11.3\micrometer-observation-1.11.3.jar;C:\Users\Michal.Kotra\.m2\repository\org\hdrhistogram\HdrHistogram\2.1.12\HdrHistogram-2.1.12.jar;C:\Users\Michal.Kotra\.m2\repository\org\latencyutils\LatencyUtils\2.0.3\LatencyUtils-2.0.3.jar;C:\Users\Michal.Kotra\.m2\repository\io\micrometer\micrometer-registry-prometheus\1.11.3\micrometer-registry-prometheus-1.11.3.jar;C:\Users\Michal.Kotra\.m2\repository\io\prometheus\simpleclient_common\0.16.0\simpleclient_common-0.16.0.jar;C:\Users\Michal.Kotra\.m2\repository\io\prometheus\simpleclient\0.16.0\simpleclient-0.16.0.jar;C:\Users\Michal.Kotra\.m2\repository\io\prometheus\simpleclient_tracer_otel\0.16.0\simpleclient_tracer_otel-0.16.0.jar;C:\Users\Michal.Kotra\.m2\repository\io\prometheus\simpleclient_tracer_otel_agent\0.16.0\simpleclient_tracer_otel_agent-0.16.0.jar;C:\Users\Michal.Kotra\.m2\repository\io\prometheus\simpleclient_tracer_common\0.16.0\simpleclient_tracer_common-0.16.0.jar;C:\Users\Michal.Kotra\.m2\repository\io\helidon\metrics\helidon-metrics-system-meters\4.0.2\helidon-metrics-system-meters-4.0.2.jar;C:\Users\Michal.Kotra\.m2\repository\io\helidon\webclient\helidon-webclient\4.0.2\helidon-webclient-4.0.2.jar;C:\Users\Michal.Kotra\.m2\repository\io\helidon\webclient\helidon-webclient-api\4.0.2\helidon-webclient-api-4.0.2.jar;C:\Users\Michal.Kotra\.m2\repository\io\helidon\webclient\helidon-webclient-http1\4.0.2\helidon-webclient-http1-4.0.2.jar;C:\Users\Michal.Kotra\.m2\repository\org\junit\jupiter\junit-jupiter-api\5.9.3\junit-jupiter-api-5.9.3.jar;C:\Users\Michal.Kotra\.m2\repository\org\opentest4j\opentest4j\1.2.0\opentest4j-1.2.0.jar;C:\Users\Michal.Kotra\.m2\repository\org\junit\platform\junit-platform-commons\1.9.3\junit-platform-commons-1.9.3.jar;C:\Users\Michal.Kotra\.m2\repository\org\apiguardian\apiguardian-api\1.1.2\apiguardian-api-1.1.2.jar;C:\Users\Michal.Kotra\.m2\repository\org\hamcrest\hamcrest-all\1.3\hamcrest-all-1.3.jar;C:\Users\Michal.Kotra\.m2\repository\io\helidon\webserver\testing\junit5\helidon-webserver-testing-junit5\4.0.2\helidon-webserver-testing-junit5-4.0.2.jar;C:\Users\Michal.Kotra\.m2\repository\io\helidon\common\testing\helidon-common-testing-http-junit5\4.0.2\helidon-common-testing-http-junit5-4.0.2.jar;C:\Users\Michal.Kotra\.m2\repository\io\helidon\common\testing\helidon-common-testing-junit5\4.0.2\helidon-common-testing-junit5-4.0.2.jar;"/>
    <property name="sun.cpu.endian" value="little"/>
    <property name="user.home" value="C:\Users\Michal.Kotra"/>
    <property name="user.language" value="en"/>
    <property name="java.specification.vendor" value="Oracle Corporation"/>
    <property name="java.version.date" value="2023-09-19"/>
    <property name="java.home" value="C:\dev\java\corretto21"/>
    <property name="file.separator" value="\"/>
    <property name="basedir" value="C:\dev\code\helidon"/>
    <property name="java.vm.compressedOopsMode" value="Zero based"/>
    <property name="line.separator" value="&#10;"/>
    <property name="java.vm.specification.vendor" value="Oracle Corporation"/>
    <property name="java.specification.name" value="Java Platform API Specification"/>
    <property name="surefire.real.class.path" value="C:\Users\Michal.Kotra\AppData\Local\Temp\surefire18131234635404160441\surefirebooter-20240116123637563_3.jar"/>
    <property name="user.script" value=""/>
    <property name="java.util.logging.config.file" value="C:\dev\code\helidon\target\classes/logging.properties"/>
    <property name="sun.management.compiler" value="HotSpot 64-Bit Tiered Compilers"/>
    <property name="java.runtime.version" value="21+35-LTS"/>
    <property name="user.name" value="Michal.Kotra"/>
    <property name="stdout.encoding" value="Cp1252"/>
    <property name="path.separator" value=";"/>
    <property name="os.version" value="10.0"/>
    <property name="java.runtime.name" value="OpenJDK Runtime Environment"/>
    <property name="file.encoding" value="UTF-8"/>
    <property name="java.vm.name" value="OpenJDK 64-Bit Server VM"/>
    <property name="java.vendor.version" value="Corretto-21.0.0.35.1"/>
    <property name="localRepository" value="C:\Users\Michal.Kotra\.m2\repository"/>
    <property name="java.vendor.url.bug" value="https://github.com/corretto/corretto-21/issues/"/>
    <property name="java.io.tmpdir" value="C:\Users\MICHAL~1.KOT\AppData\Local\Temp\"/>
    <property name="idea.version" value="2023.3.2"/>
    <property name="java.version" value="21"/>
    <property name="user.dir" value="C:\dev\code\helidon"/>
    <property name="os.arch" value="amd64"/>
    <property name="java.vm.specification.name" value="Java Virtual Machine Specification"/>
    <property name="sun.os.patch.level" value=""/>
    <property name="native.encoding" value="Cp1252"/>
    <property name="java.library.path" value="C:\dev\java\corretto21\bin;C:\Windows\Sun\Java\bin;C:\Windows\system32;C:\Windows;C:\Windows\system32;C:\Windows;C:\Windows\System32\Wbem;C:\Windows\System32\WindowsPowerShell\v1.0\;C:\Windows\System32\OpenSSH\;C:\Program Files\dotnet\;C:\Program Files\nodejs\;C:\Program Files (x86)\Symantec\VIP Access Client\;C:\dev\java\zulu17\bin;C:\dev\maven\bin;C:\dev\apache-jmeter-5.5\bin;C:\Program Files\PowerShell\7\;C:\Program Files\Git\cmd;C:\Program Files\PuTTY\;C:\Users\Michal.Kotra\.cargo\bin;C:\Users\Michal.Kotra\AppData\Local\Microsoft\WindowsApps;C:\Users\Michal.Kotra\AppData\Roaming\npm;C:\Users\Michal.Kotra\AppData\Local\Programs\Microsoft VS Code\bin;C:\Users\Michal.Kotra\AppData\Local\JetBrains\Toolbox\scripts;;."/>
    <property name="java.vm.info" value="mixed mode, sharing"/>
    <property name="stderr.encoding" value="Cp1252"/>
    <property name="java.vendor" value="Amazon.com Inc."/>
    <property name="java.vm.version" value="21+35-LTS"/>
    <property name="sun.io.unicode.encoding" value="UnicodeLittle"/>
    <property name="java.class.version" value="65.0"/>
  </properties>
  <testcase name="testSimpleGreet" classname="com.example.helidon.MainTest" time="5.31"/>
  <testcase name="testMetricsObserver" classname="com.example.helidon.MainTest" time="0.018"/>
  <testcase name="testGreeting" classname="com.example.helidon.MainTest" time="0.014"/>
</testsuite>